c:\users\oriol\onedrive\escritorio\enginyeria inforàtica\vgi\entorn vgi-mfc-vs2022 - gl3.3+\entornvgi\x64\debug\glut_geometry.obj
c:\users\oriol\onedrive\escritorio\enginyeria inforàtica\vgi\entorn vgi-mfc-vs2022 - gl3.3+\entornvgi\x64\debug\entornvgiview.obj
c:\users\oriol\onedrive\escritorio\enginyeria inforàtica\vgi\entorn vgi-mfc-vs2022 - gl3.3+\entornvgi\x64\debug\visualitzacio.obj
c:\users\oriol\onedrive\escritorio\enginyeria inforàtica\vgi\entorn vgi-mfc-vs2022 - gl3.3+\entornvgi\x64\debug\entornvgi.pch
c:\users\oriol\onedrive\escritorio\enginyeria inforàtica\vgi\entorn vgi-mfc-vs2022 - gl3.3+\entornvgi\x64\debug\vc143.pdb
c:\users\oriol\onedrive\escritorio\enginyeria inforàtica\vgi\entorn vgi-mfc-vs2022 - gl3.3+\entornvgi\x64\debug\stdafx.obj
c:\users\oriol\onedrive\escritorio\enginyeria inforàtica\vgi\entorn vgi-mfc-vs2022 - gl3.3+\entornvgi\x64\debug\fileview.obj
c:\users\oriol\onedrive\escritorio\enginyeria inforàtica\vgi\entorn vgi-mfc-vs2022 - gl3.3+\entornvgi\x64\debug\propertieswnd.obj
c:\users\oriol\onedrive\escritorio\enginyeria inforàtica\vgi\entorn vgi-mfc-vs2022 - gl3.3+\entornvgi\x64\debug\objloader.obj
c:\users\oriol\onedrive\escritorio\enginyeria inforàtica\vgi\entorn vgi-mfc-vs2022 - gl3.3+\entornvgi\x64\debug\load3ds.obj
c:\users\oriol\onedrive\escritorio\enginyeria inforàtica\vgi\entorn vgi-mfc-vs2022 - gl3.3+\entornvgi\x64\debug\childfrm.obj
c:\users\oriol\onedrive\escritorio\enginyeria inforàtica\vgi\entorn vgi-mfc-vs2022 - gl3.3+\entornvgi\x64\debug\obj3ds.obj
c:\users\oriol\onedrive\escritorio\enginyeria inforàtica\vgi\entorn vgi-mfc-vs2022 - gl3.3+\entornvgi\x64\debug\entornvgi.obj
c:\users\oriol\onedrive\escritorio\enginyeria inforàtica\vgi\entorn vgi-mfc-vs2022 - gl3.3+\entornvgi\x64\debug\mainfrm.obj
c:\users\oriol\onedrive\escritorio\enginyeria inforàtica\vgi\entorn vgi-mfc-vs2022 - gl3.3+\entornvgi\x64\debug\outputwnd.obj
c:\users\oriol\onedrive\escritorio\enginyeria inforàtica\vgi\entorn vgi-mfc-vs2022 - gl3.3+\entornvgi\x64\debug\material.obj
c:\users\oriol\onedrive\escritorio\enginyeria inforàtica\vgi\entorn vgi-mfc-vs2022 - gl3.3+\entornvgi\x64\debug\shader.obj
c:\users\oriol\onedrive\escritorio\enginyeria inforàtica\vgi\entorn vgi-mfc-vs2022 - gl3.3+\entornvgi\x64\debug\classview.obj
c:\users\oriol\onedrive\escritorio\enginyeria inforàtica\vgi\entorn vgi-mfc-vs2022 - gl3.3+\entornvgi\x64\debug\viewtree.obj
c:\users\oriol\onedrive\escritorio\enginyeria inforàtica\vgi\entorn vgi-mfc-vs2022 - gl3.3+\entornvgi\x64\debug\entornvgidoc.obj
c:\users\oriol\onedrive\escritorio\enginyeria inforàtica\vgi\entorn vgi-mfc-vs2022 - gl3.3+\entornvgi\x64\debug\escena.obj
c:\users\oriol\onedrive\escritorio\enginyeria inforàtica\vgi\entorn vgi-mfc-vs2022 - gl3.3+\x64\debug\entornvgi.lib
c:\users\oriol\onedrive\escritorio\enginyeria inforàtica\vgi\entorn vgi-mfc-vs2022 - gl3.3+\x64\debug\entornvgi.exp
c:\users\oriol\onedrive\escritorio\enginyeria inforàtica\vgi\entorn vgi-mfc-vs2022 - gl3.3+\x64\debug\entornvgi.exe
c:\users\oriol\onedrive\escritorio\enginyeria inforàtica\vgi\entorn vgi-mfc-vs2022 - gl3.3+\x64\debug\entornvgi.pdb
c:\users\oriol\onedrive\escritorio\enginyeria inforàtica\vgi\entorn vgi-mfc-vs2022 - gl3.3+\entornvgi\x64\debug\entornvgi.res
c:\users\oriol\onedrive\escritorio\enginyeria inforàtica\vgi\entorn vgi-mfc-vs2022 - gl3.3+\entornvgi\x64\debug\entornvgi.tlog\cl.command.1.tlog
c:\users\oriol\onedrive\escritorio\enginyeria inforàtica\vgi\entorn vgi-mfc-vs2022 - gl3.3+\entornvgi\x64\debug\entornvgi.tlog\cl.read.1.tlog
c:\users\oriol\onedrive\escritorio\enginyeria inforàtica\vgi\entorn vgi-mfc-vs2022 - gl3.3+\entornvgi\x64\debug\entornvgi.tlog\cl.write.1.tlog
c:\users\oriol\onedrive\escritorio\enginyeria inforàtica\vgi\entorn vgi-mfc-vs2022 - gl3.3+\entornvgi\x64\debug\entornvgi.tlog\link.command.1.tlog
c:\users\oriol\onedrive\escritorio\enginyeria inforàtica\vgi\entorn vgi-mfc-vs2022 - gl3.3+\entornvgi\x64\debug\entornvgi.tlog\link.read.1.tlog
c:\users\oriol\onedrive\escritorio\enginyeria inforàtica\vgi\entorn vgi-mfc-vs2022 - gl3.3+\entornvgi\x64\debug\entornvgi.tlog\link.write.1.tlog
c:\users\oriol\onedrive\escritorio\enginyeria inforàtica\vgi\entorn vgi-mfc-vs2022 - gl3.3+\entornvgi\x64\debug\entornvgi.tlog\link.write.2u.tlog
c:\users\oriol\onedrive\escritorio\enginyeria inforàtica\vgi\entorn vgi-mfc-vs2022 - gl3.3+\entornvgi\x64\debug\entornvgi.tlog\rc.command.1.tlog
c:\users\oriol\onedrive\escritorio\enginyeria inforàtica\vgi\entorn vgi-mfc-vs2022 - gl3.3+\entornvgi\x64\debug\entornvgi.tlog\rc.read.1.tlog
c:\users\oriol\onedrive\escritorio\enginyeria inforàtica\vgi\entorn vgi-mfc-vs2022 - gl3.3+\entornvgi\x64\debug\entornvgi.tlog\rc.write.1.tlog
